#
# An unexpected error has been detected by HotSpot Virtual Machine:
#
#  EXCEPTION_ACCESS_VIOLATION (0xc0000005) at pc=0x77f46777, pid=3824, tid=1864
#
# Java VM: Java HotSpot(TM) Client VM (1.5.0_09-b03 mixed mode, sharing)
# Problematic frame:
# C  [SHLWAPI.dll+0x6777]
#

---------------  T H R E A D  ---------------

Current thread (0x02e73e28):  JavaThread "AWT-EventQueue-0" [_thread_in_native, id=1864]

siginfo: ExceptionCode=0xc0000005, reading address 0x01019400

Registers:
EAX=0x00007fc6, EBX=0x00000000, ECX=0x01019400, EDX=0x00000000
ESP=0x030aed1c, EBP=0x030aed1c, ESI=0x000c4a80, EDI=0x01019400
EIP=0x77f46777, EFLAGS=0x00010206

Top of Stack: (sp=0x030aed1c)
0x030aed1c:   030aed2c 7d5f5486 01019400 7d5980a8
0x030aed2c:   030aef58 7d5d5b47 01019400 01019400
0x030aed3c:   00000000 00000000 000000e4 030aed94
0x030aed4c:   7d5f4f97 030aed90 030aed90 030aed94
0x030aed5c:   7d5f4f32 7d5c1924 000c4ac8 030aed80
0x030aed6c:   77f440c1 000c4a80 6d1057d0 000c4a80
0x030aed7c:   030aedf8 030aeda0 7d5f4da5 000c4a80
0x030aed8c:   7d5985d8 6d1057d0 030aedf8 7d5f4d38 

Instructions: (pc=0x77f46777)
0x77f46767:   90 90 8b ff 55 8b ec 8b 4d 08 33 d2 85 c9 74 2a
0x77f46777:   66 8b 01 66 85 c0 74 22 0f b7 c0 83 f8 20 74 24 


Stack: [0x03070000,0x030b0000),  sp=0x030aed1c,  free space=251k
Native frames: (J=compiled Java code, j=interpreted, Vv=VM code, C=native code)
C  [SHLWAPI.dll+0x6777]
C  [shell32.dll+0x65486]
C  [shell32.dll+0x45b47]
C  [shell32.dll+0x45b17]
C  [awt.dll+0xf0e73]
j  sun.awt.shell.Win32ShellFolder2.getLinkLocation(JJZ)J+0
j  sun.awt.shell.Win32ShellFolder2.getLinkLocation(Z)Lsun/awt/shell/ShellFolder;+20
j  sun.awt.shell.Win32ShellFolder2.isDirectory()Z+69
j  sun.awt.shell.Win32ShellFolder2.isDirectory()Z+79
j  sun.awt.shell.Win32ShellFolderManager2.get(Ljava/lang/String;)Ljava/lang/Object;+156
j  sun.awt.shell.ShellFolder.get(Ljava/lang/String;)Ljava/lang/Object;+4
j  javax.swing.plaf.metal.MetalFileChooserUI.updateUseShellFolder()V+55
j  javax.swing.plaf.metal.MetalFileChooserUI.installComponents(Ljavax/swing/JFileChooser;)V+67
j  javax.swing.plaf.basic.BasicFileChooserUI.installUI(Ljavax/swing/JComponent;)V+47
j  javax.swing.plaf.metal.MetalFileChooserUI.installUI(Ljavax/swing/JComponent;)V+2
j  javax.swing.JComponent.setUI(Ljavax/swing/plaf/ComponentUI;)V+42
j  javax.swing.JFileChooser.updateUI()V+40
j  javax.swing.JFileChooser.setup(Ljavax/swing/filechooser/FileSystemView;)V+73
j  javax.swing.JFileChooser.<init>(Ljava/io/File;Ljavax/swing/filechooser/FileSystemView;)V+133
j  javax.swing.JFileChooser.<init>()V+9
j  cToolBar.actionPerformed(Ljava/awt/event/ActionEvent;)V+15
j  javax.swing.AbstractButton.fireActionPerformed(Ljava/awt/event/ActionEvent;)V+84
j  javax.swing.AbstractButton$Handler.actionPerformed(Ljava/awt/event/ActionEvent;)V+5
j  javax.swing.DefaultButtonModel.fireActionPerformed(Ljava/awt/event/ActionEvent;)V+35
j  javax.swing.DefaultButtonModel.setPressed(Z)V+117
j  javax.swing.plaf.basic.BasicButtonListener.mouseReleased(Ljava/awt/event/MouseEvent;)V+35
j  java.awt.AWTEventMulticaster.mouseReleased(Ljava/awt/event/MouseEvent;)V+8
j  java.awt.Component.processMouseEvent(Ljava/awt/event/MouseEvent;)V+64
j  javax.swing.JComponent.processMouseEvent(Ljava/awt/event/MouseEvent;)V+23
j  java.awt.Component.processEvent(Ljava/awt/AWTEvent;)V+81
j  java.awt.Container.processEvent(Ljava/awt/AWTEvent;)V+18
j  java.awt.Component.dispatchEventImpl(Ljava/awt/AWTEvent;)V+477
j  java.awt.Container.dispatchEventImpl(Ljava/awt/AWTEvent;)V+42
j  java.awt.Component.dispatchEvent(Ljava/awt/AWTEvent;)V+2
j  java.awt.LightweightDispatcher.retargetMouseEvent(Ljava/awt/Component;ILjava/awt/event/MouseEvent;)V+304
j  java.awt.LightweightDispatcher.processMouseEvent(Ljava/awt/event/MouseEvent;)Z+139
j  java.awt.LightweightDispatcher.dispatchEvent(Ljava/awt/AWTEvent;)Z+50
j  java.awt.Container.dispatchEventImpl(Ljava/awt/AWTEvent;)V+12
j  java.awt.Window.dispatchEventImpl(Ljava/awt/AWTEvent;)V+19
j  java.awt.Component.dispatchEvent(Ljava/awt/AWTEvent;)V+2
j  java.awt.EventQueue.dispatchEvent(Ljava/awt/AWTEvent;)V+46
j  java.awt.EventDispatchThread.pumpOneEventForHierarchy(ILjava/awt/Component;)Z+233
j  java.awt.EventDispatchThread.pumpEventsForHierarchy(ILjava/awt/Conditional;Ljava/awt/Component;)V+26
j  java.awt.EventDispatchThread.pumpEvents(ILjava/awt/Conditional;)V+4
j  java.awt.EventDispatchThread.pumpEvents(Ljava/awt/Conditional;)V+3
j  java.awt.EventDispatchThread.run()V+9
v  ~StubRoutines::call_stub
V  [jvm.dll+0x86e84]
V  [jvm.dll+0xddead]
V  [jvm.dll+0x86d55]
V  [jvm.dll+0x86ab2]
V  [jvm.dll+0xa16b2]
V  [jvm.dll+0x10f4ac]
V  [jvm.dll+0x10f47a]
C  [MSVCRT.dll+0x2a3b0]
C  [kernel32.dll+0xb683]

Java frames: (J=compiled Java code, j=interpreted, Vv=VM code)
j  sun.awt.shell.Win32ShellFolder2.getLinkLocation(JJZ)J+0
j  sun.awt.shell.Win32ShellFolder2.getLinkLocation(Z)Lsun/awt/shell/ShellFolder;+20
j  sun.awt.shell.Win32ShellFolder2.isDirectory()Z+69
j  sun.awt.shell.Win32ShellFolder2.isDirectory()Z+79
j  sun.awt.shell.Win32ShellFolderManager2.get(Ljava/lang/String;)Ljava/lang/Object;+156
j  sun.awt.shell.ShellFolder.get(Ljava/lang/String;)Ljava/lang/Object;+4
j  javax.swing.plaf.metal.MetalFileChooserUI.updateUseShellFolder()V+55
j  javax.swing.plaf.metal.MetalFileChooserUI.installComponents(Ljavax/swing/JFileChooser;)V+67
j  javax.swing.plaf.basic.BasicFileChooserUI.installUI(Ljavax/swing/JComponent;)V+47
j  javax.swing.plaf.metal.MetalFileChooserUI.installUI(Ljavax/swing/JComponent;)V+2
j  javax.swing.JComponent.setUI(Ljavax/swing/plaf/ComponentUI;)V+42
j  javax.swing.JFileChooser.updateUI()V+40
j  javax.swing.JFileChooser.setup(Ljavax/swing/filechooser/FileSystemView;)V+73
j  javax.swing.JFileChooser.<init>(Ljava/io/File;Ljavax/swing/filechooser/FileSystemView;)V+133
j  javax.swing.JFileChooser.<init>()V+9
j  cToolBar.actionPerformed(Ljava/awt/event/ActionEvent;)V+15
j  javax.swing.AbstractButton.fireActionPerformed(Ljava/awt/event/ActionEvent;)V+84
j  javax.swing.AbstractButton$Handler.actionPerformed(Ljava/awt/event/ActionEvent;)V+5
j  javax.swing.DefaultButtonModel.fireActionPerformed(Ljava/awt/event/ActionEvent;)V+35
j  javax.swing.DefaultButtonModel.setPressed(Z)V+117
j  javax.swing.plaf.basic.BasicButtonListener.mouseReleased(Ljava/awt/event/MouseEvent;)V+35
j  java.awt.AWTEventMulticaster.mouseReleased(Ljava/awt/event/MouseEvent;)V+8
j  java.awt.Component.processMouseEvent(Ljava/awt/event/MouseEvent;)V+64
j  javax.swing.JComponent.processMouseEvent(Ljava/awt/event/MouseEvent;)V+23
j  java.awt.Component.processEvent(Ljava/awt/AWTEvent;)V+81
j  java.awt.Container.processEvent(Ljava/awt/AWTEvent;)V+18
j  java.awt.Component.dispatchEventImpl(Ljava/awt/AWTEvent;)V+477
j  java.awt.Container.dispatchEventImpl(Ljava/awt/AWTEvent;)V+42
j  java.awt.Component.dispatchEvent(Ljava/awt/AWTEvent;)V+2
j  java.awt.LightweightDispatcher.retargetMouseEvent(Ljava/awt/Component;ILjava/awt/event/MouseEvent;)V+304
j  java.awt.LightweightDispatcher.processMouseEvent(Ljava/awt/event/MouseEvent;)Z+139
j  java.awt.LightweightDispatcher.dispatchEvent(Ljava/awt/AWTEvent;)Z+50
j  java.awt.Container.dispatchEventImpl(Ljava/awt/AWTEvent;)V+12
j  java.awt.Window.dispatchEventImpl(Ljava/awt/AWTEvent;)V+19
j  java.awt.Component.dispatchEvent(Ljava/awt/AWTEvent;)V+2
j  java.awt.EventQueue.dispatchEvent(Ljava/awt/AWTEvent;)V+46
j  java.awt.EventDispatchThread.pumpOneEventForHierarchy(ILjava/awt/Component;)Z+233
j  java.awt.EventDispatchThread.pumpEventsForHierarchy(ILjava/awt/Conditional;Ljava/awt/Component;)V+26
j  java.awt.EventDispatchThread.pumpEvents(ILjava/awt/Conditional;)V+4
j  java.awt.EventDispatchThread.pumpEvents(Ljava/awt/Conditional;)V+3
j  java.awt.EventDispatchThread.run()V+9
v  ~StubRoutines::call_stub

---------------  P R O C E S S  ---------------

Java Threads: ( => current thread )
  0x02fc4eb8 JavaThread "TimerQueue" daemon [_thread_blocked, id=1700]
  0x00035bf0 JavaThread "DestroyJavaVM" [_thread_blocked, id=3452]
=>0x02e73e28 JavaThread "AWT-EventQueue-0" [_thread_in_native, id=1864]
  0x02e73850 JavaThread "Image Fetcher 1" daemon [_thread_blocked, id=1328]
  0x00adfc38 JavaThread "Image Fetcher 0" daemon [_thread_blocked, id=1924]
  0x00ad9b38 JavaThread "AWT-Windows" daemon [_thread_in_native, id=4092]
  0x00ad96e8 JavaThread "AWT-Shutdown" [_thread_blocked, id=768]
  0x00ad8280 JavaThread "Java2D Disposer" daemon [_thread_blocked, id=3504]
  0x00a7f990 JavaThread "Low Memory Detector" daemon [_thread_blocked, id=1212]
  0x00a7e600 JavaThread "CompilerThread0" daemon [_thread_blocked, id=3912]
  0x00a907a8 JavaThread "Signal Dispatcher" daemon [_thread_blocked, id=1100]
  0x00a517e8 JavaThread "Finalizer" daemon [_thread_blocked, id=700]
  0x00a50370 JavaThread "Reference Handler" daemon [_thread_blocked, id=680]

Other Threads:
  0x0003ced8 VMThread [id=3972]
  0x00a80b98 WatcherThread [id=3900]

VM state:not at safepoint (normal execution)

VM Mutex/Monitor currently owned by a thread: None

Heap
 def new generation   total 576K, used 158K [0x22bd0000, 0x22c70000, 0x230b0000)
  eden space 512K,  18% used [0x22bd0000, 0x22be7a80, 0x22c50000)
  from space 64K, 100% used [0x22c50000, 0x22c60000, 0x22c60000)
  to   space 64K,   0% used [0x22c60000, 0x22c60000, 0x22c70000)
 tenured generation   total 1408K, used 732K [0x230b0000, 0x23210000, 0x26bd0000)
   the space 1408K,  51% used [0x230b0000, 0x23167018, 0x23167200, 0x23210000)
 compacting perm gen  total 8192K, used 702K [0x26bd0000, 0x273d0000, 0x2abd0000)
   the space 8192K,   8% used [0x26bd0000, 0x26c7f880, 0x26c7fa00, 0x273d0000)
    ro space 8192K,  63% used [0x2abd0000, 0x2b0dd860, 0x2b0dda00, 0x2b3d0000)
    rw space 12288K,  46% used [0x2b3d0000, 0x2b970728, 0x2b970800, 0x2bfd0000)

Dynamic libraries:
0x00400000 - 0x0040d000 	C:\WINDOWS\system32\java.exe
0x7c920000 - 0x7c9b5000 	C:\WINDOWS\system32\ntdll.dll
0x7c800000 - 0x7c91d000 	C:\WINDOWS\system32\kernel32.dll
0x77da0000 - 0x77e47000 	C:\WINDOWS\system32\ADVAPI32.dll
0x77e50000 - 0x77ee1000 	C:\WINDOWS\system32\RPCRT4.dll
0x77be0000 - 0x77c38000 	C:\WINDOWS\system32\MSVCRT.dll
0x6d6c0000 - 0x6d85b000 	J:\J2SE_Run\bin\client\jvm.dll
0x77d10000 - 0x77d9e000 	C:\WINDOWS\system32\USER32.dll
0x77ef0000 - 0x77f37000 	C:\WINDOWS\system32\GDI32.dll
0x76b10000 - 0x76b3a000 	C:\WINDOWS\system32\WINMM.dll
0x76300000 - 0x7631d000 	C:\WINDOWS\system32\IMM32.DLL
0x621f0000 - 0x621f9000 	C:\WINDOWS\system32\LPK.DLL
0x73fa0000 - 0x7400b000 	C:\WINDOWS\system32\USP10.dll
0x6d280000 - 0x6d288000 	J:\J2SE_Run\bin\hpi.dll
0x76bc0000 - 0x76bcb000 	C:\WINDOWS\system32\PSAPI.DLL
0x6d690000 - 0x6d69c000 	J:\J2SE_Run\bin\verify.dll
0x6d300000 - 0x6d31d000 	J:\J2SE_Run\bin\java.dll
0x6d6b0000 - 0x6d6bf000 	J:\J2SE_Run\bin\zip.dll
0x6d000000 - 0x6d169000 	J:\J2SE_Run\bin\awt.dll
0x72f70000 - 0x72f96000 	C:\WINDOWS\system32\WINSPOOL.DRV
0x76990000 - 0x76acd000 	C:\WINDOWS\system32\ole32.dll
0x736d0000 - 0x73719000 	C:\WINDOWS\system32\ddraw.dll
0x73b30000 - 0x73b36000 	C:\WINDOWS\system32\DCIMAN32.dll
0x6d240000 - 0x6d27f000 	J:\J2SE_Run\bin\fontmanager.dll
0x6dd30000 - 0x6dd36000 	C:\WINDOWS\system32\INDICDLL.dll
0x10000000 - 0x1000f000 	C:\Program Files\OSDEx\OSDExLib.dll
0x73640000 - 0x7366e000 	C:\WINDOWS\system32\msctfime.ime
0x7d590000 - 0x7dd83000 	C:\WINDOWS\system32\shell32.dll
0x77f40000 - 0x77fb6000 	C:\WINDOWS\system32\SHLWAPI.dll
0x77180000 - 0x77283000 	C:\WINDOWS\WinSxS\x86_Microsoft.Windows.Common-Controls_6595b64144ccf1df_6.0.2600.2982_x-ww_ac3f9c03\comctl32.dll
0x5c820000 - 0x5c8ba000 	C:\WINDOWS\system32\comctl32.dll
0x6d4c0000 - 0x6d4d3000 	J:\J2SE_Run\bin\net.dll
0x71a10000 - 0x71a27000 	C:\WINDOWS\system32\WS2_32.dll
0x71a00000 - 0x71a08000 	C:\WINDOWS\system32\WS2HELP.dll
0x6d4e0000 - 0x6d4e9000 	J:\J2SE_Run\bin\nio.dll
0x69a00000 - 0x69a54000 	C:\WINDOWS\system32\netapi32.dll
0x71a80000 - 0x71a92000 	C:\WINDOWS\system32\MPR.dll
0x75ed0000 - 0x75ed7000 	C:\WINDOWS\System32\drprov.dll
0x71b90000 - 0x71b9e000 	C:\WINDOWS\System32\ntlanman.dll
0x71c50000 - 0x71c65000 	C:\WINDOWS\System32\NETUI0.dll
0x71c10000 - 0x71c50000 	C:\WINDOWS\System32\NETUI1.dll
0x71c00000 - 0x71c07000 	C:\WINDOWS\System32\NETRAP.dll
0x71b70000 - 0x71b83000 	C:\WINDOWS\System32\SAMLIB.dll
0x75ee0000 - 0x75ee9000 	C:\WINDOWS\System32\davclnt.dll
0x76060000 - 0x761b6000 	C:\WINDOWS\system32\SETUPAPI.dll
0x76d70000 - 0x76d92000 	C:\WINDOWS\system32\appHelp.dll
0x76fa0000 - 0x7701f000 	C:\WINDOWS\system32\CLBCATQ.DLL
0x77020000 - 0x770bb000 	C:\WINDOWS\system32\COMRes.dll
0x770f0000 - 0x7717c000 	C:\WINDOWS\system32\OLEAUT32.dll
0x77bd0000 - 0x77bd8000 	C:\WINDOWS\system32\VERSION.dll
0x76950000 - 0x76958000 	C:\WINDOWS\system32\LINKINFO.dll
0x76960000 - 0x76984000 	C:\WINDOWS\system32\ntshrui.dll
0x76af0000 - 0x76b01000 	C:\WINDOWS\system32\ATL.DLL
0x759d0000 - 0x75a7e000 	C:\WINDOWS\system32\USERENV.dll

VM Arguments:
java_command: J11_3_1
Launcher Type: SUN_STANDARD

Environment Variables:
CLASSPATH=.;.;j:\0\lib\sound.jar;j:\0\lib\jmf.jar;j:\0\lib;C:\WINDOWS\java\classes.;D:\AppServ\mysql-connector-java-3.1.14-bin.jar
PATH=C:\PROGRA~1\Borland\CBUILD~1\Bin;C:\PROGRA~1\Borland\CBUILD~1\Projects\Bpl;C:\WINDOWS\system32;C:\WINDOWS;C:\WINDOWS\System32\Wbem;C:\Program Files\Java\jdk1.5.0_08\bin;D:\AppServ\Apache2.2\bin;D:\AppServ\php5;D:\AppServ\MySQL\bin
USERNAME=Administrator
OS=Windows_NT
PROCESSOR_IDENTIFIER=x86 Family 15 Model 4 Stepping 1, GenuineIntel



---------------  S Y S T E M  ---------------

OS: Windows XP Build 2600 Service Pack 2

CPU:total 1 (cores per cpu 1, threads per core 1) family 15 model 4 stepping 1, cmov, cx8, fxsr, mmx, sse, sse2, sse3

Memory: 4k page, physical 720368k(411028k free), swap 1762088k(1427492k free)

vm_info: Java HotSpot(TM) Client VM (1.5.0_09-b03) for windows-x86, built on Oct 12 2006 01:20:10 by "java_re" with MS VC++ 6.0

