2011-4-1 1:53:36 org.apache.catalina.core.AprLifecycleListener init
信息: The Apache Tomcat Native library which allows optimal performance in production environments was not found on the java.library.path: C:\Program Files\Java\jdk1.6.0_20\bin;.;C:\WINDOWS\Sun\Java\bin;C:\WINDOWS\system32;C:\WINDOWS;C:\WINDOWS\system32;C:\WINDOWS;C:\WINDOWS\System32\Wbem;C:\Program Files\Common Files\Thunder Network\KanKan\Codecs;C:\Program Files\Java\jdk1.6.0_20\bin
2011-4-1 1:53:36 org.apache.coyote.http11.Http11Protocol init
信息: Initializing Coyote HTTP/1.1 on http-8080
2011-4-1 1:53:36 org.apache.catalina.startup.Catalina load
信息: Initialization processed in 335 ms
2011-4-1 1:53:36 org.apache.catalina.core.StandardService start
信息: Starting service Catalina
2011-4-1 1:53:36 org.apache.catalina.core.StandardEngine start
信息: Starting Servlet Engine: Apache Tomcat/6.0.14
2011-4-1 1:53:37 org.apache.coyote.http11.Http11Protocol start
信息: Starting Coyote HTTP/1.1 on http-8080
2011-4-1 1:53:37 org.apache.jk.common.ChannelSocket init
信息: JK: ajp13 listening on /0.0.0.0:8009
2011-4-1 1:53:37 org.apache.jk.server.JkMain start
信息: Jk running ID=0 time=0/16  config=null
2011-4-1 1:53:37 org.apache.catalina.startup.Catalina start
信息: Server startup in 1233 ms
2011-4-1 5:04:31 org.apache.catalina.startup.HostConfig checkResources
信息: Reloading context [/txt]
2011-4-1 7:41:35 org.apache.coyote.http11.Http11Protocol pause
信息: Pausing Coyote HTTP/1.1 on http-8080
2011-4-1 7:41:43 org.apache.catalina.core.AprLifecycleListener init
信息: The Apache Tomcat Native library which allows optimal performance in production environments was not found on the java.library.path: C:\Program Files\Java\jdk1.6.0_20\bin;.;C:\WINDOWS\Sun\Java\bin;C:\WINDOWS\system32;C:\WINDOWS;C:\WINDOWS\system32;C:\WINDOWS;C:\WINDOWS\System32\Wbem;C:\Program Files\Common Files\Thunder Network\KanKan\Codecs;C:\Program Files\Java\jdk1.6.0_20\bin
2011-4-1 7:41:43 org.apache.coyote.http11.Http11Protocol init
信息: Initializing Coyote HTTP/1.1 on http-8080
2011-4-1 7:41:43 org.apache.catalina.startup.Catalina load
信息: Initialization processed in 345 ms
2011-4-1 7:41:43 org.apache.catalina.core.StandardService start
信息: Starting service Catalina
2011-4-1 7:41:43 org.apache.catalina.core.StandardEngine start
信息: Starting Servlet Engine: Apache Tomcat/6.0.14
2011-4-1 7:41:44 org.apache.coyote.http11.Http11Protocol start
信息: Starting Coyote HTTP/1.1 on http-8080
2011-4-1 7:41:44 org.apache.jk.common.ChannelSocket init
信息: JK: ajp13 listening on /0.0.0.0:8009
2011-4-1 7:41:44 org.apache.jk.server.JkMain start
信息: Jk running ID=0 time=0/15  config=null
2011-4-1 7:41:44 org.apache.catalina.startup.Catalina start
信息: Server startup in 691 ms
2011-4-1 8:35:51 org.apache.coyote.http11.Http11Protocol pause
信息: Pausing Coyote HTTP/1.1 on http-8080
2011-4-1 8:37:39 org.apache.catalina.core.AprLifecycleListener init
信息: The Apache Tomcat Native library which allows optimal performance in production environments was not found on the java.library.path: C:\Program Files\Java\jdk1.6.0_20\bin;.;C:\WINDOWS\Sun\Java\bin;C:\WINDOWS\system32;C:\WINDOWS;C:\WINDOWS\system32;C:\WINDOWS;C:\WINDOWS\System32\Wbem;C:\Program Files\Common Files\Thunder Network\KanKan\Codecs;C:\Program Files\Java\jdk1.6.0_20\bin
2011-4-1 8:37:39 org.apache.coyote.http11.Http11Protocol init
信息: Initializing Coyote HTTP/1.1 on http-8080
2011-4-1 8:37:39 org.apache.catalina.startup.Catalina load
信息: Initialization processed in 351 ms
2011-4-1 8:37:39 org.apache.catalina.core.StandardService start
信息: Starting service Catalina
2011-4-1 8:37:39 org.apache.catalina.core.StandardEngine start
信息: Starting Servlet Engine: Apache Tomcat/6.0.14
2011-4-1 8:37:40 org.apache.coyote.http11.Http11Protocol start
信息: Starting Coyote HTTP/1.1 on http-8080
2011-4-1 8:37:40 org.apache.jk.common.ChannelSocket init
信息: JK: ajp13 listening on /0.0.0.0:8009
2011-4-1 8:37:40 org.apache.jk.server.JkMain start
信息: Jk running ID=0 time=0/15  config=null
2011-4-1 8:37:40 org.apache.catalina.startup.Catalina start
信息: Server startup in 589 ms
2011-4-1 14:01:18 org.apache.catalina.core.AprLifecycleListener init
信息: The Apache Tomcat Native library which allows optimal performance in production environments was not found on the java.library.path: C:\Program Files\Java\jdk1.6.0_20\bin;.;C:\WINDOWS\Sun\Java\bin;C:\WINDOWS\system32;C:\WINDOWS;C:\WINDOWS\system32;C:\WINDOWS;C:\WINDOWS\System32\Wbem;C:\Program Files\Common Files\Thunder Network\KanKan\Codecs;C:\Program Files\Java\jdk1.6.0_20\bin
2011-4-1 14:01:19 org.apache.coyote.http11.Http11Protocol init
信息: Initializing Coyote HTTP/1.1 on http-8080
2011-4-1 14:01:19 org.apache.catalina.startup.Catalina load
信息: Initialization processed in 1755 ms
2011-4-1 14:01:19 org.apache.catalina.core.StandardService start
信息: Starting service Catalina
2011-4-1 14:01:19 org.apache.catalina.core.StandardEngine start
信息: Starting Servlet Engine: Apache Tomcat/6.0.14
2011-4-1 14:01:20 org.apache.coyote.http11.Http11Protocol start
信息: Starting Coyote HTTP/1.1 on http-8080
2011-4-1 14:01:20 org.apache.jk.common.ChannelSocket init
信息: JK: ajp13 listening on /0.0.0.0:8009
2011-4-1 14:01:20 org.apache.jk.server.JkMain start
信息: Jk running ID=0 time=0/63  config=null
2011-4-1 14:01:20 org.apache.catalina.startup.Catalina start
信息: Server startup in 1687 ms
