2011-4-25 16:25:31 org.apache.catalina.core.AprLifecycleListener init
信息: The Apache Tomcat Native library which allows optimal performance in production environments was not found on the java.library.path: C:\Program Files\Java\jdk1.6.0\bin;.;C:\WINDOWS\Sun\Java\bin;C:\WINDOWS\system32;C:\WINDOWS;C:\WINDOWS\system32;C:\WINDOWS;C:\WINDOWS\System32\Wbem;C:\Program Files\Common Files\Adobe\AGL;C:\Program Files\Common Files\Thunder Network\KanKan\Codecs;C:\Program Files\Java\jdk1.6.0\bin;C:\Program Files\StormII\Codec;C:\Program Files\StormII;C:\Program Files\Java\jdk1.6.0;F:\android-sdk-windows\tools
2011-4-25 16:25:32 org.apache.coyote.http11.Http11Protocol init
信息: Initializing Coyote HTTP/1.1 on http-8080
2011-4-25 16:25:32 org.apache.catalina.startup.Catalina load
信息: Initialization processed in 1185 ms
2011-4-25 16:25:32 org.apache.catalina.core.StandardService start
信息: Starting service Catalina
2011-4-25 16:25:32 org.apache.catalina.core.StandardEngine start
信息: Starting Servlet Engine: Apache Tomcat/6.0.14
2011-4-25 16:25:33 org.apache.coyote.http11.Http11Protocol start
信息: Starting Coyote HTTP/1.1 on http-8080
2011-4-25 16:25:33 org.apache.jk.common.ChannelSocket init
信息: JK: ajp13 listening on /0.0.0.0:8009
2011-4-25 16:25:33 org.apache.jk.server.JkMain start
信息: Jk running ID=0 time=0/31  config=null
2011-4-25 16:25:33 org.apache.catalina.startup.Catalina start
信息: Server startup in 1151 ms
2011-4-25 17:50:32 org.apache.coyote.http11.Http11Protocol pause
信息: Pausing Coyote HTTP/1.1 on http-8080
